{"/Users/naman/Work/gith/dropdown/tests/test.js":{"path":"/Users/naman/Work/gith/dropdown/tests/test.js","s":{"1":1,"2":1,"3":1,"4":1,"5":1,"6":1,"7":1,"8":1,"9":1,"10":1,"11":1,"12":1,"13":1,"14":1,"15":1,"16":1,"17":1,"18":1,"19":0,"20":0,"21":0,"22":1,"23":1,"24":1,"25":1,"26":1,"27":1,"28":1,"29":1,"30":1,"31":1,"32":1,"33":1,"34":1,"35":1,"36":1,"37":1,"38":1,"39":1,"40":1,"41":1,"42":1,"43":1,"44":1,"45":1,"46":1,"47":1,"48":1,"49":1,"50":1,"51":1,"52":1,"53":1,"54":1,"55":1,"56":1,"57":1,"58":1,"59":1,"60":1,"61":1,"62":1,"63":1,"64":1,"65":1,"66":1,"67":1,"68":1,"69":1,"70":1,"71":1,"72":1,"73":1,"74":1,"75":1,"76":1,"77":1,"78":1,"79":1,"80":1,"81":1,"82":1,"83":1,"84":1,"85":1,"86":1,"87":1,"88":1,"89":1,"90":1,"91":1,"92":1,"93":1,"94":1,"95":1,"96":1,"97":1,"98":1,"99":1,"100":1,"101":1,"102":1,"103":1,"104":1,"105":1,"106":1,"107":1,"108":1,"109":1,"110":1,"111":1,"112":1,"113":1,"114":1,"115":1,"116":1,"117":1},"b":{"1":[1,0],"2":[1,1],"3":[1,1]},"f":{"1":1,"2":1,"3":1,"4":1,"5":1,"6":1,"7":1,"8":1,"9":1,"10":1,"11":1,"12":1,"13":1,"14":1,"15":1,"16":1,"17":1,"18":1,"19":1,"20":1,"21":1,"22":1,"23":1,"24":1,"25":1,"26":1,"27":1,"28":1},"fnMap":{"1":{"name":"(anonymous_1)","line":31,"loc":{"start":{"line":31,"column":21},"end":{"line":31,"column":32}}},"2":{"name":"(anonymous_2)","line":32,"loc":{"start":{"line":32,"column":43},"end":{"line":32,"column":54}}},"3":{"name":"(anonymous_3)","line":33,"loc":{"start":{"line":33,"column":32},"end":{"line":33,"column":43}}},"4":{"name":"(anonymous_4)","line":37,"loc":{"start":{"line":37,"column":57},"end":{"line":37,"column":68}}},"5":{"name":"(anonymous_5)","line":38,"loc":{"start":{"line":38,"column":13},"end":{"line":38,"column":24}}},"6":{"name":"(anonymous_6)","line":43,"loc":{"start":{"line":43,"column":76},"end":{"line":43,"column":87}}},"7":{"name":"(anonymous_7)","line":44,"loc":{"start":{"line":44,"column":13},"end":{"line":44,"column":24}}},"8":{"name":"(anonymous_8)","line":49,"loc":{"start":{"line":49,"column":50},"end":{"line":49,"column":61}}},"9":{"name":"(anonymous_9)","line":50,"loc":{"start":{"line":50,"column":13},"end":{"line":50,"column":24}}},"10":{"name":"(anonymous_10)","line":56,"loc":{"start":{"line":56,"column":43},"end":{"line":56,"column":54}}},"11":{"name":"(anonymous_11)","line":57,"loc":{"start":{"line":57,"column":37},"end":{"line":57,"column":48}}},"12":{"name":"(anonymous_12)","line":68,"loc":{"start":{"line":68,"column":72},"end":{"line":68,"column":83}}},"13":{"name":"(anonymous_13)","line":81,"loc":{"start":{"line":81,"column":56},"end":{"line":81,"column":67}}},"14":{"name":"(anonymous_14)","line":93,"loc":{"start":{"line":93,"column":45},"end":{"line":93,"column":56}}},"15":{"name":"(anonymous_15)","line":107,"loc":{"start":{"line":107,"column":26},"end":{"line":107,"column":37}}},"16":{"name":"(anonymous_16)","line":108,"loc":{"start":{"line":108,"column":61},"end":{"line":108,"column":72}}},"17":{"name":"(anonymous_17)","line":121,"loc":{"start":{"line":121,"column":70},"end":{"line":121,"column":81}}},"18":{"name":"(anonymous_18)","line":138,"loc":{"start":{"line":138,"column":44},"end":{"line":138,"column":59}}},"19":{"name":"(anonymous_19)","line":150,"loc":{"start":{"line":150,"column":17},"end":{"line":150,"column":28}}},"20":{"name":"(anonymous_20)","line":157,"loc":{"start":{"line":157,"column":53},"end":{"line":157,"column":64}}},"21":{"name":"(anonymous_21)","line":175,"loc":{"start":{"line":175,"column":53},"end":{"line":175,"column":64}}},"22":{"name":"(anonymous_22)","line":192,"loc":{"start":{"line":192,"column":17},"end":{"line":192,"column":28}}},"23":{"name":"(anonymous_23)","line":193,"loc":{"start":{"line":193,"column":63},"end":{"line":193,"column":74}}},"24":{"name":"(anonymous_24)","line":208,"loc":{"start":{"line":208,"column":47},"end":{"line":208,"column":58}}},"25":{"name":"(anonymous_25)","line":221,"loc":{"start":{"line":221,"column":44},"end":{"line":221,"column":55}}},"26":{"name":"(anonymous_26)","line":236,"loc":{"start":{"line":236,"column":47},"end":{"line":236,"column":58}}},"27":{"name":"(anonymous_27)","line":237,"loc":{"start":{"line":237,"column":45},"end":{"line":237,"column":56}}},"28":{"name":"(anonymous_28)","line":251,"loc":{"start":{"line":251,"column":41},"end":{"line":251,"column":52}}}},"statementMap":{"1":{"start":{"line":1,"column":0},"end":{"line":1,"column":9}},"2":{"start":{"line":2,"column":0},"end":{"line":2,"column":10}},"3":{"start":{"line":3,"column":0},"end":{"line":3,"column":14}},"4":{"start":{"line":4,"column":0},"end":{"line":4,"column":11}},"5":{"start":{"line":6,"column":0},"end":{"line":6,"column":6}},"6":{"start":{"line":7,"column":0},"end":{"line":7,"column":13}},"7":{"start":{"line":8,"column":0},"end":{"line":8,"column":10}},"8":{"start":{"line":11,"column":0},"end":{"line":29,"column":1}},"9":{"start":{"line":12,"column":2},"end":{"line":12,"column":27}},"10":{"start":{"line":13,"column":2},"end":{"line":13,"column":36}},"11":{"start":{"line":14,"column":2},"end":{"line":14,"column":25}},"12":{"start":{"line":15,"column":2},"end":{"line":15,"column":23}},"13":{"start":{"line":16,"column":2},"end":{"line":16,"column":22}},"14":{"start":{"line":18,"column":2},"end":{"line":18,"column":33}},"15":{"start":{"line":19,"column":2},"end":{"line":19,"column":53}},"16":{"start":{"line":20,"column":2},"end":{"line":20,"column":32}},"17":{"start":{"line":22,"column":2},"end":{"line":22,"column":39}},"18":{"start":{"line":24,"column":2},"end":{"line":24,"column":24}},"19":{"start":{"line":26,"column":2},"end":{"line":26,"column":23}},"20":{"start":{"line":27,"column":2},"end":{"line":27,"column":29}},"21":{"start":{"line":28,"column":2},"end":{"line":28,"column":20}},"22":{"start":{"line":31,"column":0},"end":{"line":264,"column":3}},"23":{"start":{"line":32,"column":2},"end":{"line":54,"column":5}},"24":{"start":{"line":33,"column":4},"end":{"line":35,"column":7}},"25":{"start":{"line":34,"column":6},"end":{"line":34,"column":43}},"26":{"start":{"line":37,"column":4},"end":{"line":41,"column":7}},"27":{"start":{"line":38,"column":6},"end":{"line":40,"column":46}},"28":{"start":{"line":39,"column":8},"end":{"line":39,"column":25}},"29":{"start":{"line":43,"column":4},"end":{"line":47,"column":7}},"30":{"start":{"line":44,"column":6},"end":{"line":46,"column":75}},"31":{"start":{"line":45,"column":8},"end":{"line":45,"column":34}},"32":{"start":{"line":49,"column":4},"end":{"line":53,"column":7}},"33":{"start":{"line":50,"column":6},"end":{"line":52,"column":45}},"34":{"start":{"line":51,"column":8},"end":{"line":51,"column":62}},"35":{"start":{"line":56,"column":2},"end":{"line":105,"column":5}},"36":{"start":{"line":57,"column":4},"end":{"line":66,"column":7}},"37":{"start":{"line":58,"column":6},"end":{"line":58,"column":58}},"38":{"start":{"line":60,"column":6},"end":{"line":62,"column":9}},"39":{"start":{"line":64,"column":6},"end":{"line":64,"column":53}},"40":{"start":{"line":65,"column":6},"end":{"line":65,"column":34}},"41":{"start":{"line":68,"column":4},"end":{"line":79,"column":7}},"42":{"start":{"line":69,"column":6},"end":{"line":69,"column":58}},"43":{"start":{"line":71,"column":6},"end":{"line":73,"column":9}},"44":{"start":{"line":75,"column":6},"end":{"line":76,"column":82}},"45":{"start":{"line":78,"column":6},"end":{"line":78,"column":31}},"46":{"start":{"line":81,"column":4},"end":{"line":91,"column":7}},"47":{"start":{"line":82,"column":6},"end":{"line":82,"column":58}},"48":{"start":{"line":84,"column":6},"end":{"line":87,"column":9}},"49":{"start":{"line":89,"column":6},"end":{"line":89,"column":67}},"50":{"start":{"line":90,"column":6},"end":{"line":90,"column":39}},"51":{"start":{"line":93,"column":4},"end":{"line":104,"column":7}},"52":{"start":{"line":94,"column":6},"end":{"line":94,"column":58}},"53":{"start":{"line":96,"column":6},"end":{"line":99,"column":9}},"54":{"start":{"line":101,"column":6},"end":{"line":101,"column":64}},"55":{"start":{"line":103,"column":6},"end":{"line":103,"column":39}},"56":{"start":{"line":107,"column":2},"end":{"line":190,"column":5}},"57":{"start":{"line":108,"column":4},"end":{"line":119,"column":7}},"58":{"start":{"line":109,"column":6},"end":{"line":109,"column":58}},"59":{"start":{"line":111,"column":6},"end":{"line":114,"column":9}},"60":{"start":{"line":116,"column":6},"end":{"line":116,"column":70}},"61":{"start":{"line":118,"column":6},"end":{"line":118,"column":58}},"62":{"start":{"line":121,"column":4},"end":{"line":136,"column":7}},"63":{"start":{"line":122,"column":6},"end":{"line":122,"column":58}},"64":{"start":{"line":124,"column":6},"end":{"line":127,"column":9}},"65":{"start":{"line":130,"column":6},"end":{"line":130,"column":70}},"66":{"start":{"line":133,"column":6},"end":{"line":133,"column":70}},"67":{"start":{"line":135,"column":6},"end":{"line":135,"column":59}},"68":{"start":{"line":138,"column":4},"end":{"line":155,"column":7}},"69":{"start":{"line":139,"column":6},"end":{"line":139,"column":58}},"70":{"start":{"line":141,"column":6},"end":{"line":144,"column":9}},"71":{"start":{"line":147,"column":6},"end":{"line":147,"column":70}},"72":{"start":{"line":150,"column":6},"end":{"line":154,"column":12}},"73":{"start":{"line":151,"column":8},"end":{"line":151,"column":37}},"74":{"start":{"line":152,"column":8},"end":{"line":152,"column":15}},"75":{"start":{"line":153,"column":8},"end":{"line":153,"column":61}},"76":{"start":{"line":157,"column":4},"end":{"line":173,"column":7}},"77":{"start":{"line":158,"column":6},"end":{"line":158,"column":58}},"78":{"start":{"line":160,"column":6},"end":{"line":163,"column":9}},"79":{"start":{"line":165,"column":6},"end":{"line":165,"column":65}},"80":{"start":{"line":167,"column":6},"end":{"line":167,"column":29}},"81":{"start":{"line":169,"column":6},"end":{"line":170,"column":73}},"82":{"start":{"line":172,"column":6},"end":{"line":172,"column":30}},"83":{"start":{"line":175,"column":4},"end":{"line":189,"column":7}},"84":{"start":{"line":176,"column":6},"end":{"line":176,"column":58}},"85":{"start":{"line":177,"column":6},"end":{"line":177,"column":27}},"86":{"start":{"line":179,"column":6},"end":{"line":183,"column":9}},"87":{"start":{"line":185,"column":6},"end":{"line":185,"column":65}},"88":{"start":{"line":186,"column":6},"end":{"line":186,"column":29}},"89":{"start":{"line":188,"column":6},"end":{"line":188,"column":41}},"90":{"start":{"line":192,"column":2},"end":{"line":234,"column":5}},"91":{"start":{"line":193,"column":4},"end":{"line":206,"column":7}},"92":{"start":{"line":194,"column":6},"end":{"line":194,"column":58}},"93":{"start":{"line":196,"column":6},"end":{"line":199,"column":9}},"94":{"start":{"line":201,"column":6},"end":{"line":203,"column":9}},"95":{"start":{"line":205,"column":6},"end":{"line":205,"column":68}},"96":{"start":{"line":208,"column":4},"end":{"line":219,"column":7}},"97":{"start":{"line":209,"column":6},"end":{"line":209,"column":58}},"98":{"start":{"line":211,"column":6},"end":{"line":214,"column":9}},"99":{"start":{"line":216,"column":6},"end":{"line":216,"column":22}},"100":{"start":{"line":218,"column":6},"end":{"line":218,"column":68}},"101":{"start":{"line":221,"column":4},"end":{"line":233,"column":7}},"102":{"start":{"line":222,"column":6},"end":{"line":222,"column":58}},"103":{"start":{"line":224,"column":6},"end":{"line":227,"column":9}},"104":{"start":{"line":229,"column":6},"end":{"line":229,"column":61}},"105":{"start":{"line":230,"column":6},"end":{"line":230,"column":28}},"106":{"start":{"line":232,"column":6},"end":{"line":232,"column":84}},"107":{"start":{"line":236,"column":2},"end":{"line":263,"column":5}},"108":{"start":{"line":237,"column":4},"end":{"line":249,"column":7}},"109":{"start":{"line":238,"column":6},"end":{"line":238,"column":58}},"110":{"start":{"line":240,"column":6},"end":{"line":245,"column":9}},"111":{"start":{"line":247,"column":6},"end":{"line":247,"column":70}},"112":{"start":{"line":248,"column":6},"end":{"line":248,"column":42}},"113":{"start":{"line":251,"column":4},"end":{"line":262,"column":7}},"114":{"start":{"line":252,"column":6},"end":{"line":252,"column":58}},"115":{"start":{"line":254,"column":6},"end":{"line":258,"column":9}},"116":{"start":{"line":260,"column":6},"end":{"line":260,"column":78}},"117":{"start":{"line":261,"column":6},"end":{"line":261,"column":36}}},"branchMap":{"1":{"line":11,"type":"if","locations":[{"start":{"line":11,"column":0},"end":{"line":11,"column":0}},{"start":{"line":11,"column":0},"end":{"line":11,"column":0}}]},"2":{"line":75,"type":"binary-expr","locations":[{"start":{"line":75,"column":17},"end":{"line":75,"column":70}},{"start":{"line":76,"column":8},"end":{"line":76,"column":81}}]},"3":{"line":169,"type":"binary-expr","locations":[{"start":{"line":169,"column":17},"end":{"line":169,"column":48}},{"start":{"line":170,"column":9},"end":{"line":170,"column":71}}]}}}}