TN:
SF:/Users/naman/Work/gith/dropdown/tests/test.js
FN:31,(anonymous_1)
FN:32,(anonymous_2)
FN:33,(anonymous_3)
FN:37,(anonymous_4)
FN:38,(anonymous_5)
FN:43,(anonymous_6)
FN:44,(anonymous_7)
FN:49,(anonymous_8)
FN:50,(anonymous_9)
FN:56,(anonymous_10)
FN:57,(anonymous_11)
FN:68,(anonymous_12)
FN:81,(anonymous_13)
FN:93,(anonymous_14)
FN:107,(anonymous_15)
FN:108,(anonymous_16)
FN:121,(anonymous_17)
FN:138,(anonymous_18)
FN:150,(anonymous_19)
FN:157,(anonymous_20)
FN:175,(anonymous_21)
FN:192,(anonymous_22)
FN:193,(anonymous_23)
FN:208,(anonymous_24)
FN:221,(anonymous_25)
FN:236,(anonymous_26)
FN:237,(anonymous_27)
FN:251,(anonymous_28)
FNF:28
FNH:28
FNDA:1,(anonymous_1)
FNDA:1,(anonymous_2)
FNDA:1,(anonymous_3)
FNDA:1,(anonymous_4)
FNDA:1,(anonymous_5)
FNDA:1,(anonymous_6)
FNDA:1,(anonymous_7)
FNDA:1,(anonymous_8)
FNDA:1,(anonymous_9)
FNDA:1,(anonymous_10)
FNDA:1,(anonymous_11)
FNDA:1,(anonymous_12)
FNDA:1,(anonymous_13)
FNDA:1,(anonymous_14)
FNDA:1,(anonymous_15)
FNDA:1,(anonymous_16)
FNDA:1,(anonymous_17)
FNDA:1,(anonymous_18)
FNDA:1,(anonymous_19)
FNDA:1,(anonymous_20)
FNDA:1,(anonymous_21)
FNDA:1,(anonymous_22)
FNDA:1,(anonymous_23)
FNDA:1,(anonymous_24)
FNDA:1,(anonymous_25)
FNDA:1,(anonymous_26)
FNDA:1,(anonymous_27)
FNDA:1,(anonymous_28)
DA:1,1
DA:2,1
DA:3,1
DA:4,1
DA:6,1
DA:7,1
DA:8,1
DA:11,1
DA:12,1
DA:13,1
DA:14,1
DA:15,1
DA:16,1
DA:18,1
DA:19,1
DA:20,1
DA:22,1
DA:24,1
DA:26,0
DA:27,0
DA:28,0
DA:31,1
DA:32,1
DA:33,1
DA:34,1
DA:37,1
DA:38,1
DA:39,1
DA:43,1
DA:44,1
DA:45,1
DA:49,1
DA:50,1
DA:51,1
DA:56,1
DA:57,1
DA:58,1
DA:60,1
DA:64,1
DA:65,1
DA:68,1
DA:69,1
DA:71,1
DA:75,1
DA:78,1
DA:81,1
DA:82,1
DA:84,1
DA:89,1
DA:90,1
DA:93,1
DA:94,1
DA:96,1
DA:101,1
DA:103,1
DA:107,1
DA:108,1
DA:109,1
DA:111,1
DA:116,1
DA:118,1
DA:121,1
DA:122,1
DA:124,1
DA:130,1
DA:133,1
DA:135,1
DA:138,1
DA:139,1
DA:141,1
DA:147,1
DA:150,1
DA:151,1
DA:152,1
DA:153,1
DA:157,1
DA:158,1
DA:160,1
DA:165,1
DA:167,1
DA:169,1
DA:172,1
DA:175,1
DA:176,1
DA:177,1
DA:179,1
DA:185,1
DA:186,1
DA:188,1
DA:192,1
DA:193,1
DA:194,1
DA:196,1
DA:201,1
DA:205,1
DA:208,1
DA:209,1
DA:211,1
DA:216,1
DA:218,1
DA:221,1
DA:222,1
DA:224,1
DA:229,1
DA:230,1
DA:232,1
DA:236,1
DA:237,1
DA:238,1
DA:240,1
DA:247,1
DA:248,1
DA:251,1
DA:252,1
DA:254,1
DA:260,1
DA:261,1
LF:117
LH:114
BRDA:11,1,0,1
BRDA:11,1,1,0
BRDA:75,2,0,1
BRDA:75,2,1,1
BRDA:169,3,0,1
BRDA:169,3,1,1
BRF:6
BRH:5
end_of_record
